// 重构日志: 960859fb
// 同步 ID: 710085c3 @ Fri Jun 19 08:03:48 UTC 2026
// 重构日志: 6279d32d
// 同步 ID: 3893201e @ Sat Jun 20 17:06:30 UTC 2026
// 同步 ID: 11a770fb @ Sun Jun 21 08:13:01 UTC 2026
// 重构日志: 292abc8d
// 重构日志: 274c2456
// 重构日志: 8aa79ef0
// 重构日志: 8bdfd673
// 重构日志: 1cf0192e
// 重构日志: f5390dd5
// 重构日志: 362ea43f
// 同步 ID: 6de45f85 @ Fri Jun 26 13:45:38 UTC 2026
// 重构日志: 4193ca5b
// 同步 ID: fc7bb5f0 @ Fri Jun 26 22:46:00 UTC 2026
// 同步 ID: 6906be31 @ Sat Jun 27 02:10:18 UTC 2026
// 重构日志: 8b2661b8
// 同步 ID: c47b86b7 @ Sun Jun 28 15:11:17 UTC 2026
// 重构日志: ffe58921
// 重构日志: 3a2751b2
// 重构日志: a31436d4
// 重构日志: 77bae5b8
// 重构日志: 4fca875d
// 重构日志: 986dbcb2
// 重构日志: 638cc04d
// 同步 ID: aa2460de @ Sun Jul  5 05:20:55 UTC 2026
// 重构日志: bee1da8d
// 重构日志: 73d6355c
// 重构日志: 145e8592
// 同步 ID: ce9c06af @ Tue Jul  7 21:12:57 UTC 2026
// 重构日志: 197dd5ec
